<?xml version="1.0" encoding="UTF-8"?>
<testng-results ignored="0" total="1" passed="1" failed="0" skipped="0">
  <reporter-output>
  </reporter-output>
  <suite started-at="2024-08-03T09:46:14 IST" name="Default suite" finished-at="2024-08-03T09:46:43 IST" duration-ms="28802">
    <groups>
    </groups>
    <test started-at="2024-08-03T09:46:14 IST" name="Default test" finished-at="2024-08-03T09:46:43 IST" duration-ms="28802">
      <class name="com.mvn.Guru99Login">
        <test-method signature="test()[pri:0, instance:com.mvn.Guru99Login@22ff4249]" started-at="2024-08-03T09:46:15 IST" name="test" finished-at="2024-08-03T09:46:43 IST" duration-ms="28722" status="PASS">
          <reporter-output>
          </reporter-output>
        </test-method> <!-- test -->
      </class> <!-- com.mvn.Guru99Login -->
    </test> <!-- Default test -->
  </suite> <!-- Default suite -->
</testng-results>
